<?xml version="1.0" encoding="UTF-8"?>
<!-- Generated by org.testng.reporters.JUnitReportReporter -->
<testsuite hostname="DESKTOP-MH1I98B" failures="0" tests="2" name="con_07" time="0.020" errors="0" timestamp="2023-10-21T18:20:45 IST" skipped="0">
  <testcase classname="con_07" name="login" time="0.004">
    <system-out>
      <![CDATA[Login method executed]]>
    </system-out>
  </testcase> <!-- login -->
  <testcase classname="con_07" name="signup" time="0.016">
    <system-out>
      <![CDATA[Signup method executed]]>
    </system-out>
  </testcase> <!-- signup -->
  <system-out>
    <![CDATA[Signup method executed
Login method executed]]>
  </system-out>
</testsuite> <!-- con_07 -->
