<?xml version="1.0" encoding="UTF-8"?>
<!-- Generated by org.testng.reporters.JUnitReportReporter -->
<testsuite hostname="DESKTOP-MH1I98B" failures="0" tests="1" name="TestNG.tests01" time="10.093" errors="0" timestamp="2023-11-27T12:19:02 IST" skipped="0">
  <testcase classname="TestNG.tests01" name="test" time="10.093"/>
</testsuite> <!-- TestNG.tests01 -->
