<?xml version="1.0" encoding="UTF-8"?>
<!-- Generated by org.testng.reporters.JUnitReportReporter -->
<testsuite hostname="DESKTOP-MH1I98B" failures="0" tests="3" name="con_08" time="0.019" errors="0" timestamp="2023-10-21T18:26:05 IST" skipped="0">
  <testcase classname="con_08" name="test_02" time="0.002">
    <system-out>
      <![CDATA[Test_02 method executed]]>
    </system-out>
  </testcase> <!-- test_02 -->
  <testcase classname="con_08" name="test_01" time="0.014">
    <system-out>
      <![CDATA[Test_01 method executed]]>
    </system-out>
  </testcase> <!-- test_01 -->
  <testcase classname="con_08" name="test_03" time="0.003">
    <system-out>
      <![CDATA[Test_03 method executed]]>
    </system-out>
  </testcase> <!-- test_03 -->
  <system-out>
    <![CDATA[Test_01 method executed
Test_02 method executed
Test_03 method executed]]>
  </system-out>
</testsuite> <!-- con_08 -->
