<?xml version="1.0" encoding="UTF-8"?>
<!-- Generated by org.testng.reporters.JUnitReportReporter -->
<testsuite hostname="DESKTOP-MH1I98B" failures="0" tests="3" name="TestNG.con_04" time="0.007" errors="0" timestamp="2023-10-26T14:59:20 IST" skipped="0">
  <testcase classname="TestNG.con_04" name="createAccount" time="0.003">
    <system-out>
      <![CDATA[Create Account method executed]]>
    </system-out>
  </testcase> <!-- createAccount -->
  <testcase classname="TestNG.con_04" name="editAccount" time="0.002">
    <system-out>
      <![CDATA[Edit Account method executed]]>
    </system-out>
  </testcase> <!-- editAccount -->
  <testcase classname="TestNG.con_04" name="deleteAccount" time="0.002">
    <system-out>
      <![CDATA[delete Account method executed]]>
    </system-out>
  </testcase> <!-- deleteAccount -->
  <system-out>
    <![CDATA[Failures =Method :2Method Name :TestcaseFail
Success =Method :1Method Name :TestcasePass
hi
Signup method executed
Login method executed
Signup method executed
asif@123.com
Hello World!
Test_01 method execution started
verification_01 started
Test_01 method executed
Test_01 method executed
Test_01 method executed
Test_01 method executed
Test_01 method executed
Test_01 method executed
Test_01 method executed
Test_01 method executed
Test_01 method execution started
verification_01 started
verification_01 completed
verification_02 started
verification_02 completed
Test_01 method execution completed
Test_02 method execution completed
Test_02 method executed
Test_02 method executed
Test_02 method execution completed
Test_03 method executed
Test_03 method executed
Test_03 method executed
asif
Create Account method executed
Edit Account method executed
delete Account method executed]]>
  </system-out>
</testsuite> <!-- TestNG.con_04 -->
