<?xml version="1.0" encoding="UTF-8"?>
<!-- Generated by org.testng.reporters.JUnitReportReporter -->
<testsuite hostname="DESKTOP-MH1I98B" failures="0" tests="3" name="TestNG.con_11" time="0.018" errors="0" timestamp="2023-10-26T14:59:20 IST" skipped="0">
  <testcase classname="TestNG.con_11" name="test_01" time="0.002"/>
  <testcase classname="TestNG.con_11" name="test_02" time="0.002"/>
  <testcase classname="TestNG.con_11" name="test_02" time="0.014"/>
  <system-out>
    <![CDATA[Failures =Method :2Method Name :TestcaseFail
Success =Method :1Method Name :TestcasePass
hi
Signup method executed
Login method executed
Signup method executed
asif@123.com
Hello World!
Test_01 method execution started
verification_01 started
Test_01 method executed
Test_01 method executed
Test_01 method executed
Test_01 method executed
Test_01 method executed
Test_01 method executed
Test_01 method executed
Test_01 method executed
Test_01 method execution started
verification_01 started
verification_01 completed
verification_02 started
verification_02 completed
Test_01 method execution completed
Test_02 method execution completed
Test_02 method executed
Test_02 method executed
Test_02 method execution completed
Test_03 method executed
Test_03 method executed
Test_03 method executed
asif
Create Account method executed
Edit Account method executed
delete Account method executed]]>
  </system-out>
</testsuite> <!-- TestNG.con_11 -->
