<?xml version="1.0" encoding="UTF-8"?>
<!-- Generated by org.testng.reporters.JUnitReportReporter -->
<testsuite hostname="DESKTOP-MH1I98B" failures="0" tests="1" name="TestNG.tests02" time="9.777" errors="0" timestamp="2023-11-01T16:34:24 IST" skipped="0">
  <testcase classname="TestNG.tests02" name="test" time="9.777"/>
</testsuite> <!-- TestNG.tests02 -->
