<?xml version="1.0" encoding="UTF-8"?>
<!-- Generated by org.testng.reporters.JUnitReportReporter -->
<testsuite hostname="DESKTOP-MH1I98B" failures="0" tests="3" name="c0n_6" time="0.017" errors="0" timestamp="2023-10-21T18:11:54 IST" skipped="1">
  <testcase classname="c0n_6" name="test_01" time="0.014">
    <system-out>
      <![CDATA[Test_01 method executed]]>
    </system-out>
  </testcase> <!-- test_01 -->
  <testcase classname="c0n_6" name="test_03" time="0.003">
    <system-out>
      <![CDATA[Test_03 method executed]]>
    </system-out>
  </testcase> <!-- test_03 -->
  <testcase classname="c0n_6" name="test_02">
    <skipped/>
  </testcase> <!-- test_02 -->
  <system-out>
    <![CDATA[Test_01 method executed
Test_03 method executed]]>
  </system-out>
</testsuite> <!-- c0n_6 -->
