<?xml version="1.0" encoding="UTF-8"?>
<!-- Generated by org.testng.reporters.JUnitReportReporter -->
<testsuite hostname="DESKTOP-MH1I98B" failures="0" tests="1" name="v.vh" time="0.017" errors="0" timestamp="2023-10-25T11:42:59 IST" skipped="0">
  <testcase classname="v.vh" name="test" time="0.017">
    <system-out>
      <![CDATA[hi]]>
    </system-out>
  </testcase> <!-- test -->
  <system-out>
    <![CDATA[hi]]>
  </system-out>
</testsuite> <!-- v.vh -->
