<?xml version="1.0" encoding="UTF-8"?>
<!-- Generated by org.testng.reporters.JUnitReportReporter -->
<testsuite hostname="DESKTOP-MH1I98B" failures="0" tests="2" name="TestNG.con_07" time="0.003" errors="0" timestamp="2023-10-26T14:59:20 IST" skipped="0">
  <testcase classname="TestNG.con_07" name="signup" time="0.001">
    <system-out>
      <![CDATA[Signup method executed]]>
    </system-out>
  </testcase> <!-- signup -->
  <testcase classname="TestNG.con_07" name="login" time="0.002">
    <system-out>
      <![CDATA[Login method executed]]>
    </system-out>
  </testcase> <!-- login -->
  <system-out>
    <![CDATA[Failures =Method :2Method Name :TestcaseFail
Success =Method :1Method Name :TestcasePass
hi
Signup method executed
Login method executed
Signup method executed
asif@123.com
Hello World!
Test_01 method execution started
verification_01 started
Test_01 method executed
Test_01 method executed
Test_01 method executed
Test_01 method executed
Test_01 method executed
Test_01 method executed
Test_01 method executed
Test_01 method executed
Test_01 method execution started
verification_01 started
verification_01 completed
verification_02 started
verification_02 completed
Test_01 method execution completed
Test_02 method execution completed
Test_02 method executed
Test_02 method executed
Test_02 method execution completed
Test_03 method executed
Test_03 method executed
Test_03 method executed
asif
Create Account method executed
Edit Account method executed
delete Account method executed]]>
  </system-out>
</testsuite> <!-- TestNG.con_07 -->
