<?xml version="1.0" encoding="UTF-8"?>
<!-- Generated by org.testng.reporters.JUnitReportReporter -->
<testsuite hostname="DESKTOP-MH1I98B" failures="0" tests="2" name="TestNG.bothtest" time="21.952" errors="0" timestamp="2023-11-01T17:33:53 IST" skipped="0">
  <testcase classname="TestNG.bothtest" name="test1" time="11.603">
    <system-out>
      <![CDATA[un and pass is invalid]]>
    </system-out>
  </testcase> <!-- test1 -->
  <testcase classname="TestNG.bothtest" name="test" time="10.349"/>
  <system-out>
    <![CDATA[un and pass is invalid]]>
  </system-out>
</testsuite> <!-- TestNG.bothtest -->
